c:\users\ryan\onedrive\game programming\game 340 c++opengl\c++ 2015\debug\debug\vc140.pdb
c:\users\ryan\onedrive\game programming\game 340 c++opengl\c++ 2015\debug\debug\vc140.idb
c:\users\ryan\onedrive\game programming\game 340 c++opengl\c++ 2015\debug\debug\gamescenemanager.obj
c:\users\ryan\onedrive\game programming\game 340 c++opengl\c++ 2015\debug\debug\vc120.pdb
c:\users\ryan\onedrive\game programming\game 340 c++opengl\c++ 2015\debug\debug\vc120.idb
c:\users\ryan\onedrive\game programming\game 340 c++opengl\c++ 2015\debug\debug\mmath.obj
c:\users\ryan\onedrive\game programming\game 340 c++opengl\c++ 2015\debug\debug\vmath.obj
c:\users\ryan\onedrive\game programming\game 340 c++opengl\c++ 2015\debug\debug\main.obj
c:\users\ryan\onedrive\game programming\game 340 c++opengl\c++ 2015\debug\debug\debug.obj
c:\users\ryan\onedrive\game programming\game 340 c++opengl\c++ 2015\debug\debug.pdb
c:\users\ryan\onedrive\game programming\game 340 c++opengl\c++ 2015\debug\debug\debug.tlog\cl.command.1.tlog
c:\users\ryan\onedrive\game programming\game 340 c++opengl\c++ 2015\debug\debug\debug.tlog\cl.read.1.tlog
c:\users\ryan\onedrive\game programming\game 340 c++opengl\c++ 2015\debug\debug\debug.tlog\cl.write.1.tlog
c:\users\ryan\onedrive\game programming\game 340 c++opengl\c++ 2015\debug\debug\debug.tlog\link.12276-cvtres.read.1.tlog
c:\users\ryan\onedrive\game programming\game 340 c++opengl\c++ 2015\debug\debug\debug.tlog\link.12276-cvtres.write.1.tlog
c:\users\ryan\onedrive\game programming\game 340 c++opengl\c++ 2015\debug\debug\debug.tlog\link.12276-rc.read.1.tlog
c:\users\ryan\onedrive\game programming\game 340 c++opengl\c++ 2015\debug\debug\debug.tlog\link.12276-rc.write.1.tlog
c:\users\ryan\onedrive\game programming\game 340 c++opengl\c++ 2015\debug\debug\debug.tlog\link.12276.read.1.tlog
c:\users\ryan\onedrive\game programming\game 340 c++opengl\c++ 2015\debug\debug\debug.tlog\link.12276.write.1.tlog
c:\users\ryan\onedrive\game programming\game 340 c++opengl\c++ 2015\debug\debug\debug.tlog\link.command.1.tlog
c:\users\ryan\onedrive\game programming\game 340 c++opengl\c++ 2015\debug\debug\debug.tlog\link.read.1.tlog
c:\users\ryan\onedrive\game programming\game 340 c++opengl\c++ 2015\debug\debug\debug.tlog\link.write.1.tlog
