Build started 11/26/2015 6:20:54 PM.
     1>Project "C:\Users\Ryan\OneDrive\Game Programming\GAME 340 C++OpenGL\C++ 2015\SDLGame\SDLGame.vcxproj" on node 2 (Build target(s)).
     1>ClCompile:
         C:\Program Files (x86)\Microsoft Visual Studio 14.0\VC\bin\CL.exe /c /ZI /nologo /W3 /WX- /sdl /Od /Oy- /D _CRT_SECURE_NO_WARNINGS /D _MBCS /Gm /EHsc /RTC1 /MDd /GS /fp:precise /Zc:wchar_t /Zc:forScope /Zc:inline /Fo"Debug\\" /Fd"Debug\vc140.pdb" /Gd /TP /analyze- /errorReport:prompt Boy.cpp
         Boy.cpp
     1>c:\users\ryan\onedrive\game programming\game 340 c++opengl\c++ 2015\sdlgame\boy.cpp(40): warning C4244: '=': conversion from 'float' to 'int', possible loss of data
     1>c:\users\ryan\onedrive\game programming\game 340 c++opengl\c++ 2015\sdlgame\boy.cpp(41): warning C4244: '=': conversion from 'float' to 'int', possible loss of data
     1>c:\users\ryan\onedrive\game programming\game 340 c++opengl\c++ 2015\sdlgame\boy.cpp(28): warning C4715: 'Game_Lib::Boy::OnCreate': not all control paths return a value
       Link:
         C:\Program Files (x86)\Microsoft Visual Studio 14.0\VC\bin\link.exe /ERRORREPORT:PROMPT /OUT:"C:\Users\Ryan\OneDrive\Game Programming\GAME 340 C++OpenGL\C++ 2015\Debug\SDLGame.exe" /INCREMENTAL /NOLOGO C:\GameDev\SDL\lib\win32\SDL2.lib C:\GameDev\SDL\lib\win32\SDL2main.lib "C:\GameDev\SDL2_image-2.0.0\lib\x86\SDL2_image.lib" "C:\GameDev\SDL2_mixer-2.0.0\lib\x86\SDL2_mixer.lib" kernel32.lib user32.lib gdi32.lib winspool.lib comdlg32.lib advapi32.lib shell32.lib ole32.lib oleaut32.lib uuid.lib odbc32.lib odbccp32.lib /MANIFEST /MANIFESTUAC:"level='asInvoker' uiAccess='false'" /manifest:embed /Debug /PDB:"C:\Users\Ryan\OneDrive\Game Programming\GAME 340 C++OpenGL\C++ 2015\Debug\SDLGame.pdb" /SUBSYSTEM:CONSOLE /TLBID:1 /DYNAMICBASE /NXCOMPAT /IMPLIB:"C:\Users\Ryan\OneDrive\Game Programming\GAME 340 C++OpenGL\C++ 2015\Debug\SDLGame.lib" /MACHINE:X86 Debug\Boy.obj
         Debug\Camera.obj
         Debug\Controller.obj
         Debug\ControllerManager.obj
         Debug\Debug.obj
         Debug\Event.obj
         Debug\EventHandler.obj
         Debug\GameObject.obj
         Debug\GameSceneManager.obj
         Debug\ImageLoader.obj
         Debug\Keyboard.obj
         Debug\KeyboardManager.obj
         Debug\Main.obj
         Debug\MMath.obj
         Debug\Mouse.obj
         Debug\MouseManager.obj
         Debug\Music.obj
         Debug\MusicLoader.obj
         Debug\MusicPlayer.obj
         Debug\SceneBase.obj
         Debug\SplashScreenScene.obj
         Debug\Sprite.obj
         Debug\Texture.obj
         Debug\Timer.obj
         Debug\VMath.obj
         Debug\Window.obj
         SDLGame.vcxproj -> C:\Users\Ryan\OneDrive\Game Programming\GAME 340 C++OpenGL\C++ 2015\Debug\SDLGame.exe
     1>Done Building Project "C:\Users\Ryan\OneDrive\Game Programming\GAME 340 C++OpenGL\C++ 2015\SDLGame\SDLGame.vcxproj" (Build target(s)).

Build succeeded.

Time Elapsed 00:00:01.10
